<?xml version="1.0" encoding="UTF-8"?>
<testsuite xmlns:xsi="http://www.w3.org/2001/XMLSchema-instance" xsi:noNamespaceSchemaLocation="https://maven.apache.org/surefire/maven-surefire-plugin/xsd/surefire-test-report.xsd" name="com.it_academy.tests.onliner.web_ui_test.SelenideOnlinerTest" time="8.808" tests="1" errors="0" skipped="0" failures="0">
  <properties/>
  <testcase name="testCatalogItemsIsNotEmpty" classname="com.it_academy.tests.onliner.web_ui_test.SelenideOnlinerTest" time="2.821"/>
</testsuite>