<?xml version="1.0" encoding="UTF-8"?>
<testsuite xmlns:xsi="http://www.w3.org/2001/XMLSchema-instance" xsi:noNamespaceSchemaLocation="https://maven.apache.org/surefire/maven-surefire-plugin/xsd/surefire-test-report.xsd" name="com.it_academy.tests.onliner.SelenideOnlinerTest" time="34.748" tests="3" errors="0" skipped="0" failures="2">
  <properties>
    <property name="sun.desktop" value="windows"/>
    <property name="awt.toolkit" value="sun.awt.windows.WToolkit"/>
    <property name="java.specification.version" value="11"/>
    <property name="file.encoding.pkg" value="sun.io"/>
    <property name="jdk.extensions.version" value="11.0.12.0"/>
    <property name="webdriver.chrome.driver" value="D:\JavaQA\WebOnlinerSelenideProject/src/test/resources/drivers/chromedriver.exe"/>
    <property name="sun.jnu.encoding" value="Cp1251"/>
    <property name="java.class.path" value="C:\Users\Asya\.m2\repository\org\apache\maven\surefire\surefire-booter\2.22.2\surefire-booter-2.22.2.jar;C:\Users\Asya\.m2\repository\org\apache\maven\surefire\surefire-api\2.22.2\surefire-api-2.22.2.jar;C:\Users\Asya\.m2\repository\org\apache\maven\surefire\surefire-logger-api\2.22.2\surefire-logger-api-2.22.2.jar;D:\JavaQA\WebOnlinerSelenideProject\target\test-classes;D:\JavaQA\WebOnlinerSelenideProject\target\classes;C:\Users\Asya\.m2\repository\com\google\guava\guava\31.0.1-jre\guava-31.0.1-jre.jar;C:\Users\Asya\.m2\repository\com\google\guava\failureaccess\1.0.1\failureaccess-1.0.1.jar;C:\Users\Asya\.m2\repository\com\google\guava\listenablefuture\9999.0-empty-to-avoid-conflict-with-guava\listenablefuture-9999.0-empty-to-avoid-conflict-with-guava.jar;C:\Users\Asya\.m2\repository\com\google\code\findbugs\jsr305\3.0.2\jsr305-3.0.2.jar;C:\Users\Asya\.m2\repository\org\checkerframework\checker-qual\3.12.0\checker-qual-3.12.0.jar;C:\Users\Asya\.m2\repository\com\google\errorprone\error_prone_annotations\2.7.1\error_prone_annotations-2.7.1.jar;C:\Users\Asya\.m2\repository\com\google\j2objc\j2objc-annotations\1.3\j2objc-annotations-1.3.jar;C:\Users\Asya\.m2\repository\org\junit\jupiter\junit-jupiter-engine\5.8.2\junit-jupiter-engine-5.8.2.jar;C:\Users\Asya\.m2\repository\org\junit\platform\junit-platform-engine\1.8.2\junit-platform-engine-1.8.2.jar;C:\Users\Asya\.m2\repository\org\apiguardian\apiguardian-api\1.1.2\apiguardian-api-1.1.2.jar;C:\Users\Asya\.m2\repository\org\junit\jupiter\junit-jupiter-api\5.8.2\junit-jupiter-api-5.8.2.jar;C:\Users\Asya\.m2\repository\org\opentest4j\opentest4j\1.2.0\opentest4j-1.2.0.jar;C:\Users\Asya\.m2\repository\org\junit\platform\junit-platform-commons\1.8.2\junit-platform-commons-1.8.2.jar;C:\Users\Asya\.m2\repository\org\junit\jupiter\junit-jupiter-params\5.8.2\junit-jupiter-params-5.8.2.jar;C:\Users\Asya\.m2\repository\org\junit\platform\junit-platform-suite\1.8.2\junit-platform-suite-1.8.2.jar;C:\Users\Asya\.m2\repository\org\junit\platform\junit-platform-suite-api\1.8.2\junit-platform-suite-api-1.8.2.jar;C:\Users\Asya\.m2\repository\org\junit\platform\junit-platform-suite-engine\1.8.2\junit-platform-suite-engine-1.8.2.jar;C:\Users\Asya\.m2\repository\org\junit\platform\junit-platform-suite-commons\1.8.2\junit-platform-suite-commons-1.8.2.jar;C:\Users\Asya\.m2\repository\org\junit\vintage\junit-vintage-engine\5.8.2\junit-vintage-engine-5.8.2.jar;C:\Users\Asya\.m2\repository\junit\junit\4.13.2\junit-4.13.2.jar;C:\Users\Asya\.m2\repository\org\hamcrest\hamcrest-core\1.3\hamcrest-core-1.3.jar;C:\Users\Asya\.m2\repository\org\apache\maven\plugins\maven-surefire-report-plugin\3.0.0-M5\maven-surefire-report-plugin-3.0.0-M5.jar;C:\Users\Asya\.m2\repository\org\apache\maven\surefire\surefire-report-parser\3.0.0-M5\surefire-report-parser-3.0.0-M5.jar;C:\Users\Asya\.m2\repository\org\apache\maven\surefire\surefire-logger-api\3.0.0-M5\surefire-logger-api-3.0.0-M5.jar;C:\Users\Asya\.m2\repository\org\apache\maven\surefire\surefire-shared-utils\3.0.0-M4\surefire-shared-utils-3.0.0-M4.jar;C:\Users\Asya\.m2\repository\org\apache\maven\reporting\maven-reporting-api\3.0\maven-reporting-api-3.0.jar;C:\Users\Asya\.m2\repository\org\apache\maven\maven-plugin-api\3.0\maven-plugin-api-3.0.jar;C:\Users\Asya\.m2\repository\org\apache\maven\maven-model\3.0\maven-model-3.0.jar;C:\Users\Asya\.m2\repository\org\apache\maven\maven-artifact\3.0\maven-artifact-3.0.jar;C:\Users\Asya\.m2\repository\org\sonatype\sisu\sisu-inject-plexus\1.4.2\sisu-inject-plexus-1.4.2.jar;C:\Users\Asya\.m2\repository\org\codehaus\plexus\plexus-classworlds\2.2.3\plexus-classworlds-2.2.3.jar;C:\Users\Asya\.m2\repository\org\sonatype\sisu\sisu-inject-bean\1.4.2\sisu-inject-bean-1.4.2.jar;C:\Users\Asya\.m2\repository\org\sonatype\sisu\sisu-guice\2.1.7\sisu-guice-2.1.7-noaop.jar;C:\Users\Asya\.m2\repository\org\apache\maven\reporting\maven-reporting-impl\3.0.0\maven-reporting-impl-3.0.0.jar;C:\Users\Asya\.m2\repository\org\apache\maven\maven-core\3.0\maven-core-3.0.jar;C:\Users\Asya\.m2\repository\org\apache\maven\maven-settings\3.0\maven-settings-3.0.jar;C:\Users\Asya\.m2\repository\org\apache\maven\maven-settings-builder\3.0\maven-settings-builder-3.0.jar;C:\Users\Asya\.m2\repository\org\apache\maven\maven-repository-metadata\3.0\maven-repository-metadata-3.0.jar;C:\Users\Asya\.m2\repository\org\apache\maven\maven-model-builder\3.0\maven-model-builder-3.0.jar;C:\Users\Asya\.m2\repository\org\apache\maven\maven-aether-provider\3.0\maven-aether-provider-3.0.jar;C:\Users\Asya\.m2\repository\org\sonatype\aether\aether-impl\1.7\aether-impl-1.7.jar;C:\Users\Asya\.m2\repository\org\sonatype\aether\aether-spi\1.7\aether-spi-1.7.jar;C:\Users\Asya\.m2\repository\org\sonatype\aether\aether-api\1.7\aether-api-1.7.jar;C:\Users\Asya\.m2\repository\org\sonatype\aether\aether-util\1.7\aether-util-1.7.jar;C:\Users\Asya\.m2\repository\org\codehaus\plexus\plexus-interpolation\1.14\plexus-interpolation-1.14.jar;C:\Users\Asya\.m2\repository\org\sonatype\plexus\plexus-sec-dispatcher\1.3\plexus-sec-dispatcher-1.3.jar;C:\Users\Asya\.m2\repository\org\sonatype\plexus\plexus-cipher\1.4\plexus-cipher-1.4.jar;C:\Users\Asya\.m2\repository\org\apache\maven\shared\maven-shared-utils\3.2.0\maven-shared-utils-3.2.0.jar;C:\Users\Asya\.m2\repository\org\codehaus\plexus\plexus-utils\3.0.24\plexus-utils-3.0.24.jar;C:\Users\Asya\.m2\repository\org\apache\maven\doxia\doxia-sink-api\1.9.1\doxia-sink-api-1.9.1.jar;C:\Users\Asya\.m2\repository\org\apache\maven\doxia\doxia-logging-api\1.9.1\doxia-logging-api-1.9.1.jar;C:\Users\Asya\.m2\repository\org\apache\maven\doxia\doxia-decoration-model\1.9.2\doxia-decoration-model-1.9.2.jar;C:\Users\Asya\.m2\repository\org\codehaus\plexus\plexus-component-annotations\2.0.0\plexus-component-annotations-2.0.0.jar;C:\Users\Asya\.m2\repository\org\apache\maven\doxia\doxia-core\1.9.1\doxia-core-1.9.1.jar;C:\Users\Asya\.m2\repository\org\codehaus\plexus\plexus-container-default\1.7.1\plexus-container-default-1.7.1.jar;C:\Users\Asya\.m2\repository\org\apache\xbean\xbean-reflect\3.7\xbean-reflect-3.7.jar;C:\Users\Asya\.m2\repository\com\google\collections\google-collections\1.0\google-collections-1.0.jar;C:\Users\Asya\.m2\repository\org\apache\commons\commons-lang3\3.5\commons-lang3-3.5.jar;C:\Users\Asya\.m2\repository\org\apache\httpcomponents\httpclient\4.5.8\httpclient-4.5.8.jar;C:\Users\Asya\.m2\repository\commons-logging\commons-logging\1.2\commons-logging-1.2.jar;C:\Users\Asya\.m2\repository\org\apache\httpcomponents\httpcore\4.4.11\httpcore-4.4.11.jar;C:\Users\Asya\.m2\repository\org\apache\maven\doxia\doxia-site-renderer\1.9.2\doxia-site-renderer-1.9.2.jar;C:\Users\Asya\.m2\repository\org\apache\maven\doxia\doxia-skin-model\1.9.2\doxia-skin-model-1.9.2.jar;C:\Users\Asya\.m2\repository\org\apache\maven\doxia\doxia-module-xhtml\1.9.1\doxia-module-xhtml-1.9.1.jar;C:\Users\Asya\.m2\repository\org\apache\maven\doxia\doxia-module-xhtml5\1.9.1\doxia-module-xhtml5-1.9.1.jar;C:\Users\Asya\.m2\repository\org\codehaus\plexus\plexus-i18n\1.0-beta-10\plexus-i18n-1.0-beta-10.jar;C:\Users\Asya\.m2\repository\org\codehaus\plexus\plexus-velocity\1.2\plexus-velocity-1.2.jar;C:\Users\Asya\.m2\repository\org\apache\velocity\velocity\1.7\velocity-1.7.jar;C:\Users\Asya\.m2\repository\org\apache\velocity\velocity-tools\2.0\velocity-tools-2.0.jar;C:\Users\Asya\.m2\repository\commons-beanutils\commons-beanutils\1.7.0\commons-beanutils-1.7.0.jar;C:\Users\Asya\.m2\repository\commons-digester\commons-digester\1.8\commons-digester-1.8.jar;C:\Users\Asya\.m2\repository\commons-chain\commons-chain\1.1\commons-chain-1.1.jar;C:\Users\Asya\.m2\repository\dom4j\dom4j\1.1\dom4j-1.1.jar;C:\Users\Asya\.m2\repository\oro\oro\2.0.8\oro-2.0.8.jar;C:\Users\Asya\.m2\repository\commons-collections\commons-collections\3.2.2\commons-collections-3.2.2.jar;C:\Users\Asya\.m2\repository\commons-lang\commons-lang\2.6\commons-lang-2.6.jar;C:\Users\Asya\.m2\repository\org\assertj\assertj-core\3.22.0\assertj-core-3.22.0.jar;C:\Users\Asya\.m2\repository\com\codeborne\selenide\5.18.0\selenide-5.18.0.jar;C:\Users\Asya\.m2\repository\org\seleniumhq\selenium\selenium-java\3.141.59\selenium-java-3.141.59.jar;C:\Users\Asya\.m2\repository\org\seleniumhq\selenium\selenium-api\3.141.59\selenium-api-3.141.59.jar;C:\Users\Asya\.m2\repository\org\seleniumhq\selenium\selenium-chrome-driver\3.141.59\selenium-chrome-driver-3.141.59.jar;C:\Users\Asya\.m2\repository\org\seleniumhq\selenium\selenium-edge-driver\3.141.59\selenium-edge-driver-3.141.59.jar;C:\Users\Asya\.m2\repository\org\seleniumhq\selenium\selenium-firefox-driver\3.141.59\selenium-firefox-driver-3.141.59.jar;C:\Users\Asya\.m2\repository\org\seleniumhq\selenium\selenium-ie-driver\3.141.59\selenium-ie-driver-3.141.59.jar;C:\Users\Asya\.m2\repository\org\seleniumhq\selenium\selenium-opera-driver\3.141.59\selenium-opera-driver-3.141.59.jar;C:\Users\Asya\.m2\repository\org\seleniumhq\selenium\selenium-remote-driver\3.141.59\selenium-remote-driver-3.141.59.jar;C:\Users\Asya\.m2\repository\org\seleniumhq\selenium\selenium-safari-driver\3.141.59\selenium-safari-driver-3.141.59.jar;C:\Users\Asya\.m2\repository\org\seleniumhq\selenium\selenium-support\3.141.59\selenium-support-3.141.59.jar;C:\Users\Asya\.m2\repository\org\apache\commons\commons-exec\1.3\commons-exec-1.3.jar;C:\Users\Asya\.m2\repository\com\squareup\okhttp3\okhttp\3.11.0\okhttp-3.11.0.jar;C:\Users\Asya\.m2\repository\com\squareup\okio\okio\1.14.0\okio-1.14.0.jar;C:\Users\Asya\.m2\repository\io\github\bonigarcia\webdrivermanager\4.3.1\webdrivermanager-4.3.1.jar;C:\Users\Asya\.m2\repository\commons-io\commons-io\2.8.0\commons-io-2.8.0.jar;C:\Users\Asya\.m2\repository\com\google\code\gson\gson\2.8.6\gson-2.8.6.jar;C:\Users\Asya\.m2\repository\org\jsoup\jsoup\1.13.1\jsoup-1.13.1.jar;C:\Users\Asya\.m2\repository\org\rauschig\jarchivelib\1.1.0\jarchivelib-1.1.0.jar;C:\Users\Asya\.m2\repository\org\apache\commons\commons-compress\1.20\commons-compress-1.20.jar;C:\Users\Asya\.m2\repository\org\apache\httpcomponents\client5\httpclient5\5.0.3\httpclient5-5.0.3.jar;C:\Users\Asya\.m2\repository\org\apache\httpcomponents\core5\httpcore5\5.0.2\httpcore5-5.0.2.jar;C:\Users\Asya\.m2\repository\commons-codec\commons-codec\1.13\commons-codec-1.13.jar;C:\Users\Asya\.m2\repository\org\slf4j\slf4j-api\1.7.30\slf4j-api-1.7.30.jar;C:\Users\Asya\.m2\repository\io\qameta\allure\allure-junit5\2.17.3\allure-junit5-2.17.3.jar;C:\Users\Asya\.m2\repository\io\qameta\allure\allure-junit-platform\2.17.3\allure-junit-platform-2.17.3.jar;C:\Users\Asya\.m2\repository\io\qameta\allure\allure-test-filter\2.17.3\allure-test-filter-2.17.3.jar;C:\Users\Asya\.m2\repository\org\junit\platform\junit-platform-launcher\1.8.2\junit-platform-launcher-1.8.2.jar;C:\Users\Asya\.m2\repository\io\qameta\allure\allure-selenide\2.17.3\allure-selenide-2.17.3.jar;C:\Users\Asya\.m2\repository\io\qameta\allure\allure-java-commons\2.17.3\allure-java-commons-2.17.3.jar;C:\Users\Asya\.m2\repository\io\qameta\allure\allure-model\2.17.3\allure-model-2.17.3.jar;C:\Users\Asya\.m2\repository\org\junit\platform\junit-platform-surefire-provider\1.2.0\junit-platform-surefire-provider-1.2.0.jar;C:\Users\Asya\.m2\repository\org\apache\maven\surefire\common-java5\2.21.0\common-java5-2.21.0.jar;C:\Users\Asya\.m2\repository\org\aspectj\aspectjweaver\1.8.10\aspectjweaver-1.8.10.jar;C:\Users\Asya\.m2\repository/org/aspectj/aspectjweaver/1.8.10/aspectjweaver-1.8.10.jar"/>
    <property name="java.vm.vendor" value="Eclipse OpenJ9"/>
    <property name="sun.arch.data.model" value="64"/>
    <property name="com.ibm.vm.bitmode" value="64"/>
    <property name="user.variant" value=""/>
    <property name="com.ibm.oti.vm.library.version" value="29"/>
    <property name="java.vendor.url" value="https://www.ibm.com/"/>
    <property name="user.timezone" value="Europe/Moscow"/>
    <property name="java.vm.specification.version" value="11"/>
    <property name="os.name" value="Windows 10"/>
    <property name="sun.java.launcher" value="SUN_STANDARD"/>
    <property name="user.country" value="RU"/>
    <property name="sun.boot.library.path" value="C:\Users\Asya\.jdks\semeru-11.0.12\bin\default;C:\Users\Asya\.jdks\semeru-11.0.12\bin"/>
    <property name="sun.java.command" value="org.apache.maven.surefire.booter.ForkedBooter C:\Users\Asya\AppData\Local\Temp\surefire13287379017881476365 2022-03-29T20-32-00_854-jvmRun1 surefire15659538620435807085tmp surefire_010732457384067072917tmp"/>
    <property name="surefire.test.class.path" value="D:\JavaQA\WebOnlinerSelenideProject\target\test-classes;D:\JavaQA\WebOnlinerSelenideProject\target\classes;C:\Users\Asya\.m2\repository\com\google\guava\guava\31.0.1-jre\guava-31.0.1-jre.jar;C:\Users\Asya\.m2\repository\com\google\guava\failureaccess\1.0.1\failureaccess-1.0.1.jar;C:\Users\Asya\.m2\repository\com\google\guava\listenablefuture\9999.0-empty-to-avoid-conflict-with-guava\listenablefuture-9999.0-empty-to-avoid-conflict-with-guava.jar;C:\Users\Asya\.m2\repository\com\google\code\findbugs\jsr305\3.0.2\jsr305-3.0.2.jar;C:\Users\Asya\.m2\repository\org\checkerframework\checker-qual\3.12.0\checker-qual-3.12.0.jar;C:\Users\Asya\.m2\repository\com\google\errorprone\error_prone_annotations\2.7.1\error_prone_annotations-2.7.1.jar;C:\Users\Asya\.m2\repository\com\google\j2objc\j2objc-annotations\1.3\j2objc-annotations-1.3.jar;C:\Users\Asya\.m2\repository\org\junit\jupiter\junit-jupiter-engine\5.8.2\junit-jupiter-engine-5.8.2.jar;C:\Users\Asya\.m2\repository\org\junit\platform\junit-platform-engine\1.8.2\junit-platform-engine-1.8.2.jar;C:\Users\Asya\.m2\repository\org\apiguardian\apiguardian-api\1.1.2\apiguardian-api-1.1.2.jar;C:\Users\Asya\.m2\repository\org\junit\jupiter\junit-jupiter-api\5.8.2\junit-jupiter-api-5.8.2.jar;C:\Users\Asya\.m2\repository\org\opentest4j\opentest4j\1.2.0\opentest4j-1.2.0.jar;C:\Users\Asya\.m2\repository\org\junit\platform\junit-platform-commons\1.8.2\junit-platform-commons-1.8.2.jar;C:\Users\Asya\.m2\repository\org\junit\jupiter\junit-jupiter-params\5.8.2\junit-jupiter-params-5.8.2.jar;C:\Users\Asya\.m2\repository\org\junit\platform\junit-platform-suite\1.8.2\junit-platform-suite-1.8.2.jar;C:\Users\Asya\.m2\repository\org\junit\platform\junit-platform-suite-api\1.8.2\junit-platform-suite-api-1.8.2.jar;C:\Users\Asya\.m2\repository\org\junit\platform\junit-platform-suite-engine\1.8.2\junit-platform-suite-engine-1.8.2.jar;C:\Users\Asya\.m2\repository\org\junit\platform\junit-platform-suite-commons\1.8.2\junit-platform-suite-commons-1.8.2.jar;C:\Users\Asya\.m2\repository\org\junit\vintage\junit-vintage-engine\5.8.2\junit-vintage-engine-5.8.2.jar;C:\Users\Asya\.m2\repository\junit\junit\4.13.2\junit-4.13.2.jar;C:\Users\Asya\.m2\repository\org\hamcrest\hamcrest-core\1.3\hamcrest-core-1.3.jar;C:\Users\Asya\.m2\repository\org\apache\maven\plugins\maven-surefire-report-plugin\3.0.0-M5\maven-surefire-report-plugin-3.0.0-M5.jar;C:\Users\Asya\.m2\repository\org\apache\maven\surefire\surefire-report-parser\3.0.0-M5\surefire-report-parser-3.0.0-M5.jar;C:\Users\Asya\.m2\repository\org\apache\maven\surefire\surefire-logger-api\3.0.0-M5\surefire-logger-api-3.0.0-M5.jar;C:\Users\Asya\.m2\repository\org\apache\maven\surefire\surefire-shared-utils\3.0.0-M4\surefire-shared-utils-3.0.0-M4.jar;C:\Users\Asya\.m2\repository\org\apache\maven\reporting\maven-reporting-api\3.0\maven-reporting-api-3.0.jar;C:\Users\Asya\.m2\repository\org\apache\maven\maven-plugin-api\3.0\maven-plugin-api-3.0.jar;C:\Users\Asya\.m2\repository\org\apache\maven\maven-model\3.0\maven-model-3.0.jar;C:\Users\Asya\.m2\repository\org\apache\maven\maven-artifact\3.0\maven-artifact-3.0.jar;C:\Users\Asya\.m2\repository\org\sonatype\sisu\sisu-inject-plexus\1.4.2\sisu-inject-plexus-1.4.2.jar;C:\Users\Asya\.m2\repository\org\codehaus\plexus\plexus-classworlds\2.2.3\plexus-classworlds-2.2.3.jar;C:\Users\Asya\.m2\repository\org\sonatype\sisu\sisu-inject-bean\1.4.2\sisu-inject-bean-1.4.2.jar;C:\Users\Asya\.m2\repository\org\sonatype\sisu\sisu-guice\2.1.7\sisu-guice-2.1.7-noaop.jar;C:\Users\Asya\.m2\repository\org\apache\maven\reporting\maven-reporting-impl\3.0.0\maven-reporting-impl-3.0.0.jar;C:\Users\Asya\.m2\repository\org\apache\maven\maven-core\3.0\maven-core-3.0.jar;C:\Users\Asya\.m2\repository\org\apache\maven\maven-settings\3.0\maven-settings-3.0.jar;C:\Users\Asya\.m2\repository\org\apache\maven\maven-settings-builder\3.0\maven-settings-builder-3.0.jar;C:\Users\Asya\.m2\repository\org\apache\maven\maven-repository-metadata\3.0\maven-repository-metadata-3.0.jar;C:\Users\Asya\.m2\repository\org\apache\maven\maven-model-builder\3.0\maven-model-builder-3.0.jar;C:\Users\Asya\.m2\repository\org\apache\maven\maven-aether-provider\3.0\maven-aether-provider-3.0.jar;C:\Users\Asya\.m2\repository\org\sonatype\aether\aether-impl\1.7\aether-impl-1.7.jar;C:\Users\Asya\.m2\repository\org\sonatype\aether\aether-spi\1.7\aether-spi-1.7.jar;C:\Users\Asya\.m2\repository\org\sonatype\aether\aether-api\1.7\aether-api-1.7.jar;C:\Users\Asya\.m2\repository\org\sonatype\aether\aether-util\1.7\aether-util-1.7.jar;C:\Users\Asya\.m2\repository\org\codehaus\plexus\plexus-interpolation\1.14\plexus-interpolation-1.14.jar;C:\Users\Asya\.m2\repository\org\sonatype\plexus\plexus-sec-dispatcher\1.3\plexus-sec-dispatcher-1.3.jar;C:\Users\Asya\.m2\repository\org\sonatype\plexus\plexus-cipher\1.4\plexus-cipher-1.4.jar;C:\Users\Asya\.m2\repository\org\apache\maven\shared\maven-shared-utils\3.2.0\maven-shared-utils-3.2.0.jar;C:\Users\Asya\.m2\repository\org\codehaus\plexus\plexus-utils\3.0.24\plexus-utils-3.0.24.jar;C:\Users\Asya\.m2\repository\org\apache\maven\doxia\doxia-sink-api\1.9.1\doxia-sink-api-1.9.1.jar;C:\Users\Asya\.m2\repository\org\apache\maven\doxia\doxia-logging-api\1.9.1\doxia-logging-api-1.9.1.jar;C:\Users\Asya\.m2\repository\org\apache\maven\doxia\doxia-decoration-model\1.9.2\doxia-decoration-model-1.9.2.jar;C:\Users\Asya\.m2\repository\org\codehaus\plexus\plexus-component-annotations\2.0.0\plexus-component-annotations-2.0.0.jar;C:\Users\Asya\.m2\repository\org\apache\maven\doxia\doxia-core\1.9.1\doxia-core-1.9.1.jar;C:\Users\Asya\.m2\repository\org\codehaus\plexus\plexus-container-default\1.7.1\plexus-container-default-1.7.1.jar;C:\Users\Asya\.m2\repository\org\apache\xbean\xbean-reflect\3.7\xbean-reflect-3.7.jar;C:\Users\Asya\.m2\repository\com\google\collections\google-collections\1.0\google-collections-1.0.jar;C:\Users\Asya\.m2\repository\org\apache\commons\commons-lang3\3.5\commons-lang3-3.5.jar;C:\Users\Asya\.m2\repository\org\apache\httpcomponents\httpclient\4.5.8\httpclient-4.5.8.jar;C:\Users\Asya\.m2\repository\commons-logging\commons-logging\1.2\commons-logging-1.2.jar;C:\Users\Asya\.m2\repository\org\apache\httpcomponents\httpcore\4.4.11\httpcore-4.4.11.jar;C:\Users\Asya\.m2\repository\org\apache\maven\doxia\doxia-site-renderer\1.9.2\doxia-site-renderer-1.9.2.jar;C:\Users\Asya\.m2\repository\org\apache\maven\doxia\doxia-skin-model\1.9.2\doxia-skin-model-1.9.2.jar;C:\Users\Asya\.m2\repository\org\apache\maven\doxia\doxia-module-xhtml\1.9.1\doxia-module-xhtml-1.9.1.jar;C:\Users\Asya\.m2\repository\org\apache\maven\doxia\doxia-module-xhtml5\1.9.1\doxia-module-xhtml5-1.9.1.jar;C:\Users\Asya\.m2\repository\org\codehaus\plexus\plexus-i18n\1.0-beta-10\plexus-i18n-1.0-beta-10.jar;C:\Users\Asya\.m2\repository\org\codehaus\plexus\plexus-velocity\1.2\plexus-velocity-1.2.jar;C:\Users\Asya\.m2\repository\org\apache\velocity\velocity\1.7\velocity-1.7.jar;C:\Users\Asya\.m2\repository\org\apache\velocity\velocity-tools\2.0\velocity-tools-2.0.jar;C:\Users\Asya\.m2\repository\commons-beanutils\commons-beanutils\1.7.0\commons-beanutils-1.7.0.jar;C:\Users\Asya\.m2\repository\commons-digester\commons-digester\1.8\commons-digester-1.8.jar;C:\Users\Asya\.m2\repository\commons-chain\commons-chain\1.1\commons-chain-1.1.jar;C:\Users\Asya\.m2\repository\dom4j\dom4j\1.1\dom4j-1.1.jar;C:\Users\Asya\.m2\repository\oro\oro\2.0.8\oro-2.0.8.jar;C:\Users\Asya\.m2\repository\commons-collections\commons-collections\3.2.2\commons-collections-3.2.2.jar;C:\Users\Asya\.m2\repository\commons-lang\commons-lang\2.6\commons-lang-2.6.jar;C:\Users\Asya\.m2\repository\org\assertj\assertj-core\3.22.0\assertj-core-3.22.0.jar;C:\Users\Asya\.m2\repository\com\codeborne\selenide\5.18.0\selenide-5.18.0.jar;C:\Users\Asya\.m2\repository\org\seleniumhq\selenium\selenium-java\3.141.59\selenium-java-3.141.59.jar;C:\Users\Asya\.m2\repository\org\seleniumhq\selenium\selenium-api\3.141.59\selenium-api-3.141.59.jar;C:\Users\Asya\.m2\repository\org\seleniumhq\selenium\selenium-chrome-driver\3.141.59\selenium-chrome-driver-3.141.59.jar;C:\Users\Asya\.m2\repository\org\seleniumhq\selenium\selenium-edge-driver\3.141.59\selenium-edge-driver-3.141.59.jar;C:\Users\Asya\.m2\repository\org\seleniumhq\selenium\selenium-firefox-driver\3.141.59\selenium-firefox-driver-3.141.59.jar;C:\Users\Asya\.m2\repository\org\seleniumhq\selenium\selenium-ie-driver\3.141.59\selenium-ie-driver-3.141.59.jar;C:\Users\Asya\.m2\repository\org\seleniumhq\selenium\selenium-opera-driver\3.141.59\selenium-opera-driver-3.141.59.jar;C:\Users\Asya\.m2\repository\org\seleniumhq\selenium\selenium-remote-driver\3.141.59\selenium-remote-driver-3.141.59.jar;C:\Users\Asya\.m2\repository\org\seleniumhq\selenium\selenium-safari-driver\3.141.59\selenium-safari-driver-3.141.59.jar;C:\Users\Asya\.m2\repository\org\seleniumhq\selenium\selenium-support\3.141.59\selenium-support-3.141.59.jar;C:\Users\Asya\.m2\repository\org\apache\commons\commons-exec\1.3\commons-exec-1.3.jar;C:\Users\Asya\.m2\repository\com\squareup\okhttp3\okhttp\3.11.0\okhttp-3.11.0.jar;C:\Users\Asya\.m2\repository\com\squareup\okio\okio\1.14.0\okio-1.14.0.jar;C:\Users\Asya\.m2\repository\io\github\bonigarcia\webdrivermanager\4.3.1\webdrivermanager-4.3.1.jar;C:\Users\Asya\.m2\repository\commons-io\commons-io\2.8.0\commons-io-2.8.0.jar;C:\Users\Asya\.m2\repository\com\google\code\gson\gson\2.8.6\gson-2.8.6.jar;C:\Users\Asya\.m2\repository\org\jsoup\jsoup\1.13.1\jsoup-1.13.1.jar;C:\Users\Asya\.m2\repository\org\rauschig\jarchivelib\1.1.0\jarchivelib-1.1.0.jar;C:\Users\Asya\.m2\repository\org\apache\commons\commons-compress\1.20\commons-compress-1.20.jar;C:\Users\Asya\.m2\repository\org\apache\httpcomponents\client5\httpclient5\5.0.3\httpclient5-5.0.3.jar;C:\Users\Asya\.m2\repository\org\apache\httpcomponents\core5\httpcore5\5.0.2\httpcore5-5.0.2.jar;C:\Users\Asya\.m2\repository\commons-codec\commons-codec\1.13\commons-codec-1.13.jar;C:\Users\Asya\.m2\repository\org\slf4j\slf4j-api\1.7.30\slf4j-api-1.7.30.jar;C:\Users\Asya\.m2\repository\io\qameta\allure\allure-junit5\2.17.3\allure-junit5-2.17.3.jar;C:\Users\Asya\.m2\repository\io\qameta\allure\allure-junit-platform\2.17.3\allure-junit-platform-2.17.3.jar;C:\Users\Asya\.m2\repository\io\qameta\allure\allure-test-filter\2.17.3\allure-test-filter-2.17.3.jar;C:\Users\Asya\.m2\repository\org\junit\platform\junit-platform-launcher\1.8.2\junit-platform-launcher-1.8.2.jar;C:\Users\Asya\.m2\repository\io\qameta\allure\allure-selenide\2.17.3\allure-selenide-2.17.3.jar;C:\Users\Asya\.m2\repository\io\qameta\allure\allure-java-commons\2.17.3\allure-java-commons-2.17.3.jar;C:\Users\Asya\.m2\repository\io\qameta\allure\allure-model\2.17.3\allure-model-2.17.3.jar;"/>
    <property name="sun.cpu.endian" value="little"/>
    <property name="user.home" value="C:\Users\Asya"/>
    <property name="user.language" value="ru"/>
    <property name="java.specification.vendor" value="Oracle Corporation"/>
    <property name="java.version.date" value="2021-07-20"/>
    <property name="java.home" value="C:\Users\Asya\.jdks\semeru-11.0.12"/>
    <property name="ibm.signalhandling.rs" value="false"/>
    <property name="jdk.extensions.name" value="Extensions for OpenJDK for Eclipse OpenJ9"/>
    <property name="file.separator" value="\"/>
    <property name="basedir" value="D:\JavaQA\WebOnlinerSelenideProject"/>
    <property name="line.separator" value="&#10;"/>
    <property name="java.specification.name" value="Java Platform API Specification"/>
    <property name="java.vm.specification.vendor" value="Oracle Corporation"/>
    <property name="java.compiler" value="j9jit29"/>
    <property name="com.ibm.util.extralibs.properties" value=""/>
    <property name="java.awt.graphicsenv" value="sun.awt.Win32GraphicsEnvironment"/>
    <property name="com.ibm.oti.configuration" value="scar"/>
    <property name="java.awt.fonts" value=""/>
    <property name="com.ibm.oti.shared.enabled" value="false"/>
    <property name="com.ibm.oti.vm.bootstrap.library.path" value="C:\Users\Asya\.jdks\semeru-11.0.12\bin\default;C:\Users\Asya\.jdks\semeru-11.0.12\bin"/>
    <property name="com.ibm.cpu.endian" value="little"/>
    <property name="java.fullversion" value="11.0.12+7&#10;JRE 11 Windows 10 amd64-64-Bit Compressed References 20210730_175 (JIT enabled, AOT enabled)&#10;OpenJ9   - 1851b0074&#10;OMR      - 9db1c870d&#10;JCL      - 21849e2ca0 based on jdk-11.0.12+7"/>
    <property name="java.runtime.version" value="11.0.12+7"/>
    <property name="webdriver.edge.driver" value="D:\JavaQA\WebOnlinerSelenideProject/src/test/resources/drivers/msedgedriver.exe"/>
    <property name="user.name" value="Asya"/>
    <property name="path.separator" value=";"/>
    <property name="os.version" value="10.0"/>
    <property name="java.runtime.name" value="IBM Semeru Runtime Open Edition"/>
    <property name="ibm.signalhandling.sigint" value="true"/>
    <property name="file.encoding" value="Cp1251"/>
    <property name="java.vm.name" value="Eclipse OpenJ9 VM"/>
    <property name="java.vendor.version" value="11.0.12.0"/>
    <property name="ibm.signalhandling.sigchain" value="true"/>
    <property name="localRepository" value="C:\Users\Asya\.m2\repository"/>
    <property name="java.vendor.url.bug" value="https://github.com/eclipse-openj9/openj9/issues"/>
    <property name="java.io.tmpdir" value="C:\Users\Asya\AppData\Local\Temp\"/>
    <property name="idea.version" value="2021.2.2"/>
    <property name="java.version" value="11.0.12"/>
    <property name="com.ibm.system.agent.path" value="C:\Users\Asya\.jdks\semeru-11.0.12\bin"/>
    <property name="user.dir" value="D:\JavaQA\WebOnlinerSelenideProject"/>
    <property name="os.arch" value="amd64"/>
    <property name="java.vm.specification.name" value="Java Virtual Machine Specification"/>
    <property name="java.awt.printerjob" value="sun.awt.windows.WPrinterJob"/>
    <property name="driverType" value="chrome"/>
    <property name="os.encoding" value="UTF8"/>
    <property name="webdriver.remote.driver" value="http://192.168.100.8:4444"/>
    <property name="java.library.path" value="C:\Users\Asya\.jdks\semeru-11.0.12\bin\default;C:\Users\Asya\.jdks\semeru-11.0.12\bin;C:\Windows\system32;C:\Windows;C:\Program Files\Common Files\Oracle\Java\javapath;C:\Program Files (x86)\Common Files\Oracle\Java\javapath;C:\Windows\system32;C:\Windows;C:\Windows\System32\Wbem;C:\Windows\System32\WindowsPowerShell\v1.0\;C:\Windows\System32\OpenSSH\;C:\Program Files\Git\cmd;C:\Program Files\Git\mingw64\bin;C:\Program Files\Git\usr\bin;C:\Users\Asya\AppData\Local\Microsoft\WindowsApps;C:\Users\Asya\AppData\Local\Programs\Fiddler;C:\Program Files\platform-tools;C:\Program Files\Java\jdk1.8.0_301\bin;C:\Program Files\JetBrains\IntelliJ IDEA Community Edition 2021.2.2\bin;;D:\JavaQA\WebOnlinerSeleniumProject\src\test\resources\drivers;C:\Program Files\Git\cmd\git.exe;;."/>
    <property name="junit.jupiter.extensions.autodetection.enabled" value="true"/>
    <property name="java.vm.info" value="JRE 11 Windows 10 amd64-64-Bit Compressed References 20210730_175 (JIT enabled, AOT enabled)&#10;OpenJ9   - 1851b0074&#10;OMR      - 9db1c870d&#10;JCL      - 21849e2ca0 based on jdk-11.0.12+7"/>
    <property name="java.vendor" value="International Business Machines Corporation"/>
    <property name="java.vm.version" value="openj9-0.27.0"/>
    <property name="ibm.system.encoding" value="Cp1251"/>
    <property name="com.ibm.jcl.checkClassPath" value=""/>
    <property name="sun.io.unicode.encoding" value="UnicodeLittle"/>
    <property name="java.class.version" value="55.0"/>
  </properties>
  <testcase name="testProductsAndDescriptionInAccessoriesAreNotEmpty" classname="com.it_academy.tests.onliner.SelenideOnlinerTest" time="7.508">
    <failure message="[Accessories doesn&apos;t contain min price] &#10;Expecting all elements of:&#10;  [&quot;1,625 товаров&#10;от 118,78 р.&quot;,&#10;    &quot;1,147 товаров&#10;от 55,93 р.&quot;,&#10;    &quot;1,653 товара&#10;от 138,06 р.&quot;,&#10;    &quot;4,328 товаров&#10;от 37,54 р.&quot;,&#10;    &quot;3,115 товаров&#10;от 1,59 р.&quot;,&#10;    &quot;3,064 товара&#10;от 79,45 р.&quot;,&#10;    &quot;1,091 товар&#10;от 43,82 р.&quot;,&#10;    &quot;2,703 товара&#10;от 27,76 р.&quot;,&#10;    &quot;1,997 товаров&#10;от 38,48 р.&quot;,&#10;    &quot;85 товаров&#10;от 10,95 р.&quot;,&#10;    &quot;427 товаров&#10;от 11,84 р.&quot;,&#10;    &quot;136 товаров&#10;от 48,86 р.&quot;,&#10;    &quot;29 товаров&#10;от 50,32 р.&quot;]&#10;to match given predicate but these elements did not:&#10;  [&quot;1,625 товаров&#10;от 118,78 р.&quot;,&#10;    &quot;1,147 товаров&#10;от 55,93 р.&quot;,&#10;    &quot;1,653 товара&#10;от 138,06 р.&quot;,&#10;    &quot;4,328 товаров&#10;от 37,54 р.&quot;,&#10;    &quot;3,115 товаров&#10;от 1,59 р.&quot;,&#10;    &quot;3,064 товара&#10;от 79,45 р.&quot;,&#10;    &quot;1,091 товар&#10;от 43,82 р.&quot;,&#10;    &quot;2,703 товара&#10;от 27,76 р.&quot;,&#10;    &quot;1,997 товаров&#10;от 38,48 р.&quot;,&#10;    &quot;85 товаров&#10;от 10,95 р.&quot;,&#10;    &quot;427 товаров&#10;от 11,84 р.&quot;,&#10;    &quot;136 товаров&#10;от 48,86 р.&quot;,&#10;    &quot;29 товаров&#10;от 50,32 р.&quot;]" type="java.lang.AssertionError">java.lang.AssertionError: 
[Accessories doesn't contain min price] 
Expecting all elements of:
  ["1,625 товаров
от 118,78 р.",
    "1,147 товаров
от 55,93 р.",
    "1,653 товара
от 138,06 р.",
    "4,328 товаров
от 37,54 р.",
    "3,115 товаров
от 1,59 р.",
    "3,064 товара
от 79,45 р.",
    "1,091 товар
от 43,82 р.",
    "2,703 товара
от 27,76 р.",
    "1,997 товаров
от 38,48 р.",
    "85 товаров
от 10,95 р.",
    "427 товаров
от 11,84 р.",
    "136 товаров
от 48,86 р.",
    "29 товаров
от 50,32 р."]
to match given predicate but these elements did not:
  ["1,625 товаров
от 118,78 р.",
    "1,147 товаров
от 55,93 р.",
    "1,653 товара
от 138,06 р.",
    "4,328 товаров
от 37,54 р.",
    "3,115 товаров
от 1,59 р.",
    "3,064 товара
от 79,45 р.",
    "1,091 товар
от 43,82 р.",
    "2,703 товара
от 27,76 р.",
    "1,997 товаров
от 38,48 р.",
    "85 товаров
от 10,95 р.",
    "427 товаров
от 11,84 р.",
    "136 товаров
от 48,86 р.",
    "29 товаров
от 50,32 р."]
	at com.it_academy.tests.onliner.SelenideOnlinerTest.testProductsAndDescriptionInAccessoriesAreNotEmpty(SelenideOnlinerTest.java:45)
</failure>
    <system-err><![CDATA[Starting ChromeDriver 99.0.4844.51 (d537ec02474b5afe23684e7963d538896c63ac77-refs/branch-heads/4844@{#875}) on port 3137
Only local connections are allowed.
Please see https://chromedriver.chromium.org/security-considerations for suggestions on keeping ChromeDriver safe.
ChromeDriver was started successfully.
мар. 29, 2022 8:32:10 PM org.openqa.selenium.remote.ProtocolHandshake createSession
INFO: Detected dialect: W3C
]]></system-err>
  </testcase>
  <testcase name="testComputerAndNetItemsContainsCertainItems" classname="com.it_academy.tests.onliner.SelenideOnlinerTest" time="4.211"/>
  <testcase name="testCatalogItemsIsNotEmpty" classname="com.it_academy.tests.onliner.SelenideOnlinerTest" time="2.984">
    <failure message="[Catalog items are empty] &#10;Expecting empty but was: [&quot;Электроника&quot;,&#10;    &quot;Компьютеры и сети&quot;,&#10;    &quot;Бытовая техника&quot;,&#10;    &quot;Стройка и ремонт&quot;,&#10;    &quot;Дом и сад&quot;,&#10;    &quot;Авто и мото&quot;,&#10;    &quot;Красота и спорт&quot;,&#10;    &quot;Детям и мамам&quot;,&#10;    &quot;Работа и офис&quot;,&#10;    &quot;Еда&quot;]" type="java.lang.AssertionError">java.lang.AssertionError: 
[Catalog items are empty] 
Expecting empty but was: ["Электроника",
    "Компьютеры и сети",
    "Бытовая техника",
    "Стройка и ремонт",
    "Дом и сад",
    "Авто и мото",
    "Красота и спорт",
    "Детям и мамам",
    "Работа и офис",
    "Еда"]
	at com.it_academy.tests.onliner.SelenideOnlinerTest.testCatalogItemsIsNotEmpty(SelenideOnlinerTest.java:20)
</failure>
  </testcase>
</testsuite>